Сборка начата 12.12.2023 16:47:49.
Уровень детализации журнала: Normal.     1>Проект "D:\education\raboti\Game\Game\Game\Game.vcxproj" в узле 2 (целевые объекты Build).
     1>InitializeBuildStatus:
         Создание "x64\Release\Game.tlog\unsuccessfulbuild", так как было задано "AlwaysCreate".
         Обращение к "x64\Release\Game.tlog\unsuccessfulbuild".
       ClCompile:
         C:\Program Files\Microsoft Visual Studio\2022\Community\VC\Tools\MSVC\14.37.32822\bin\HostX64\x64\CL.exe /c /Zi /nologo /W3 /WX- /diagnostics:column /sdl /O2 /Oi /GL /D NDEBUG /D _CONSOLE /D _UNICODE /D UNICODE /Gm- /EHsc /MD /GS /Gy /fp:precise /Zc:wchar_t /Zc:forScope /Zc:inline /permissive- /Fo"x64\Release\\" /Fd"x64\Release\vc143.pdb" /external:W3 /Gd /TP /FC /errorReport:prompt Game.cpp
         Game.cpp
     1>D:\education\raboti\Game\Game\Game\Game.cpp(29,12): warning C4244: аргумент: преобразование "time_t" в "unsigned int", возможна потеря данных
     1>D:\education\raboti\Game\Game\Game\Game.cpp(316,12): warning C4244: аргумент: преобразование "time_t" в "unsigned int", возможна потеря данных
       Link:
         C:\Program Files\Microsoft Visual Studio\2022\Community\VC\Tools\MSVC\14.37.32822\bin\HostX64\x64\link.exe /ERRORREPORT:PROMPT /OUT:"D:\education\raboti\Game\Game\x64\Release\Game.exe" /NOLOGO /LIBPATH:"D:\education\raboti\Sfml\SFML-2.6.1\lib" kernel32.lib user32.lib gdi32.lib winspool.lib comdlg32.lib advapi32.lib shell32.lib ole32.lib oleaut32.lib uuid.lib odbc32.lib odbccp32.lib /MANIFEST /MANIFESTUAC:"level='asInvoker' uiAccess='false'" /manifest:embed /DEBUG /PDB:"D:\education\raboti\Game\Game\x64\Release\Game.pdb" /SUBSYSTEM:CONSOLE /OPT:REF /OPT:ICF /LTCG:incremental /LTCGOUT:"x64\Release\Game.iobj" /TLBID:1 /DYNAMICBASE /NXCOMPAT /IMPLIB:"D:\education\raboti\Game\Game\x64\Release\Game.lib" /MACHINE:X64 x64\Release\Game.obj
         Создание кода
         4 of 196 functions ( 2.0%) were compiled, the rest were copied from previous compilation.
           0 functions were new in current compilation
           0 functions had inline decision re-evaluated but remain unchanged
         Создание кода завершено
         Game.vcxproj -> D:\education\raboti\Game\Game\x64\Release\Game.exe
       FinalizeBuildStatus:
         Файл "x64\Release\Game.tlog\unsuccessfulbuild" удаляется.
         Обращение к "x64\Release\Game.tlog\Game.lastbuildstate".
     1>Сборка проекта "D:\education\raboti\Game\Game\Game\Game.vcxproj" завершена (целевые объекты Build).

Сборка успешно завершена.

       "D:\education\raboti\Game\Game\Game\Game.vcxproj" (целевой объект Build ) (1) ->
       (Целевой объект ClCompile) -> 
         D:\education\raboti\Game\Game\Game\Game.cpp(29,12): warning C4244: аргумент: преобразование "time_t" в "unsigned int", возможна потеря данных
         D:\education\raboti\Game\Game\Game\Game.cpp(316,12): warning C4244: аргумент: преобразование "time_t" в "unsigned int", возможна потеря данных

    Предупреждений: 2
    Ошибок: 0

Прошло времени 00:00:01.32
